<?xml version="1.0" encoding="UTF-8"?>
<!-- Generated by org.testng.reporters.JUnitReportReporter -->
<testsuite hostname="DESKTOP-UU2F52V" failures="0" tests="1" name="com.cucumber2.Rediff" time="19.463" errors="0" timestamp="2022-07-07T15:26:34 IST" skipped="0">
  <testcase classname="com.cucumber2.Rediff" name="rediff_webtable99" time="19.463"/>
  <system-out/>
</testsuite> <!-- com.cucumber2.Rediff -->
